<?xml version="1.0" encoding="UTF-8"?>
<TestRun id="3680476e-13f2-4a07-bca1-ecc845c6308f" name="muningbo@MUNINGBO-01 2016-03-21 17:43:41" runUser="JHKX\muningbo" xmlns="http://microsoft.com/schemas/VisualStudio/TeamTest/2010">
  <TestSettings name="本地" id="80b96235-5bc2-4dba-bad7-2808b89763e6">
    <Description>这些设置为本地测试运行的默认测试设置。</Description>
    <Deployment enabled="false" runDeploymentRoot="muningbo_MUNINGBO-01 2016-03-21 17_43_41">
      <DeploymentItem filename="E:\Project\Demo\GitHubProject\GDIDemo\ClassLibrary1\ClassLibrary1\bin\Debug\ClassLibrary1.dll" />
    </Deployment>
    <Execution>
      <TestTypeSpecific />
      <AgentRule name="Execution Agents">
      </AgentRule>
    </Execution>
  </TestSettings>
  <Times creation="2016-03-21T17:43:41.9360298+08:00" queuing="2016-03-21T17:43:41.9560578+08:00" start="2016-03-21T17:43:41.9760858+08:00" finish="2016-03-21T17:43:42.2314428+08:00" />
  <ResultSummary outcome="Inconclusive">
    <Counters total="1" executed="1" error="0" failed="0" timeout="0" aborted="0" inconclusive="1" passedButRunAborted="0" notRunnable="0" notExecuted="0" disconnected="0" warning="0" passed="0" completed="0" inProgress="0" pending="0" />
  </ResultSummary>
  <TestDefinitions>
    <UnitTest name="adddTest" storage="e:\project\demo\githubproject\gdidemo\classlibrary1\testproject1\bin\debug\testproject1.dll" id="e452412b-63d2-6118-308a-80469d9cafea">
      <Execution id="7c7a4cec-064a-43d6-babd-f76f53e017c8" />
      <TestMethod codeBase="E:/Project/Demo/GitHubProject/GDIDemo/ClassLibrary1/TestProject1/bin/Debug/TestProject1.DLL" adapterTypeName="Microsoft.VisualStudio.TestTools.TestTypes.Unit.UnitTestAdapter, Microsoft.VisualStudio.QualityTools.Tips.UnitTest.Adapter, Version=10.0.0.0, Culture=neutral, PublicKeyToken=b03f5f7f11d50a3a" className="TestProject1.Class1Test, TestProject1, Version=1.0.0.0, Culture=neutral, PublicKeyToken=null" name="adddTest" />
    </UnitTest>
  </TestDefinitions>
  <TestLists>
    <TestList name="列表中未列出的结果" id="8c84fa94-04c1-424b-9868-57a2d4851a1d" />
    <TestList name="所有已加载的结果" id="19431567-8539-422a-85d7-44ee4e166bda" />
  </TestLists>
  <TestEntries>
    <TestEntry testId="e452412b-63d2-6118-308a-80469d9cafea" executionId="7c7a4cec-064a-43d6-babd-f76f53e017c8" testListId="8c84fa94-04c1-424b-9868-57a2d4851a1d" />
  </TestEntries>
  <Results>
    <UnitTestResult executionId="7c7a4cec-064a-43d6-babd-f76f53e017c8" testId="e452412b-63d2-6118-308a-80469d9cafea" testName="adddTest" computerName="MUNINGBO-01" duration="00:00:00.0280877" startTime="2016-03-21T17:43:41.9860998+08:00" endTime="2016-03-21T17:43:42.1963938+08:00" testType="13cdc9d9-ddb5-4fa4-a97d-d965ccfc6d4b" outcome="Inconclusive" testListId="8c84fa94-04c1-424b-9868-57a2d4851a1d" relativeResultsDirectory="7c7a4cec-064a-43d6-babd-f76f53e017c8">
      <Output>
        <ErrorInfo>
          <Message>Assert.Inconclusive 失败。验证此测试方法的正确性。</Message>
          <StackTrace>   在 TestProject1.Class1Test.adddTest() 位置 E:\Project\Demo\GitHubProject\GDIDemo\ClassLibrary1\TestProject1\Class1Test.cs:行号 80
</StackTrace>
        </ErrorInfo>
      </Output>
    </UnitTestResult>
  </Results>
</TestRun>